
Showing logs for build [32mcb-kubecd-environment-pr-244-3-5vm4n-1[0m stage [32mfrom-build-pack[0m and container [32mstep-credential-initializer-rv62d[0m
{"level":"info","ts":1593173706.9457042,"logger":"fallback-logger","caller":"logging/config.go:69","msg":"Fetch GitHub commit ID from kodata failed: open /var/run/ko/refs/heads/0.8.0-ns-support: no such file or directory"}
{"level":"info","ts":1593173706.9460204,"logger":"fallback-logger","caller":"creds-init/main.go:40","msg":"Credentials initialized."}

Showing logs for build [32mcb-kubecd-environment-pr-244-3-5vm4n-1[0m stage [32mfrom-build-pack[0m and container [32mstep-working-dir-initializer-lh2fc[0m
{"level":"info","ts":1593173707.9364371,"logger":"fallback-logger","caller":"logging/config.go:69","msg":"Fetch GitHub commit ID from kodata failed: open /var/run/ko/HEAD: no such file or directory"}
{"level":"info","ts":1593173707.9372513,"logger":"fallback-logger","caller":"bash/main.go:64","msg":"Successfully executed command \"sh -c mkdir -p /workspace/source\"; output "}

Showing logs for build [32mcb-kubecd-environment-pr-244-3-5vm4n-1[0m stage [32mfrom-build-pack[0m and container [32mstep-place-tools[0m

Showing logs for build [32mcb-kubecd-environment-pr-244-3-5vm4n-1[0m stage [32mfrom-build-pack[0m and container [32mstep-git-source-cb-kubecd-environment-pr-244-3-5vm4n-5slcf[0m
{"level":"info","ts":1593173712.0158641,"logger":"fallback-logger","caller":"logging/config.go:69","msg":"Fetch GitHub commit ID from kodata failed: open /var/run/ko/refs/heads/0.8.0-ns-support: no such file or directory"}
{"level":"info","ts":1593173712.2032049,"logger":"fallback-logger","caller":"git/git.go:103","msg":"Successfully cloned https://github.com/cb-kubecd/environment-pr-244-3-boot-eks-production.git @ master in path /workspace/source"}

Showing logs for build [32mcb-kubecd-environment-pr-244-3-5vm4n-1[0m stage [32mfrom-build-pack[0m and container [32mstep-git-merge[0m
Using SHAs from PULL_REFS=master:cdcdf69b40b39e62f812c06a0376ca5ba2e75078,1:b085a57a9f74e317ab9e9e747a5bc52bcfda8272
DEBUG: JX_LOG_LEVEL=error LC_ALL=C git fetch origin --unshallow b085a57a9f74e317ab9e9e747a5bc52bcfda8272: cdcdf69b40b39e62f812c06a0376ca5ba2e75078:
DEBUG: ran git fetch --unshallow origin b085a57a9f74e317ab9e9e747a5bc52bcfda8272: cdcdf69b40b39e62f812c06a0376ca5ba2e75078: in 
DEBUG: LC_ALL=C JX_LOG_LEVEL=error git branch
DEBUG: LC_ALL=C JX_LOG_LEVEL=error git checkout master
DEBUG: ran git checkout master in 
DEBUG: JX_LOG_LEVEL=error LC_ALL=C git reset --hard cdcdf69b40b39e62f812c06a0376ca5ba2e75078
DEBUG: ran git reset --hard cdcdf69b40b39e62f812c06a0376ca5ba2e75078 in 
DEBUG: LC_ALL=C JX_LOG_LEVEL=error git clean -fd .
DEBUG: ran clean --force -d . in 
DEBUG: LC_ALL=C JX_LOG_LEVEL=error git merge b085a57a9f74e317ab9e9e747a5bc52bcfda8272
DEBUG: ran git merge b085a57a9f74e317ab9e9e747a5bc52bcfda8272 in 
DEBUG: LC_ALL=C JX_LOG_LEVEL=error git log --format=%H%x1f%an%x1f%ae%x1f%cn%x1f%ce%x1f%s%n%b%x1e cdcdf69b40b39e62f812c06a0376ca5ba2e75078..HEAD
Merged SHA b085a57a9f74e317ab9e9e747a5bc52bcfda8272 with commit message 'chore: Promote bdd-spring-1593172014 to version 0.0.1' into base branch master

Showing logs for build [32mcb-kubecd-environment-pr-244-3-5vm4n-1[0m stage [32mfrom-build-pack[0m and container [32mstep-build-helm-build[0m
WARNING: No $CHART_REPOSITORY defined so using the default value of: http://jenkins-x-chartmuseum:8080
Adding missing Helm repo: storage.googleapis.com https://storage.googleapis.com/chartmuseum.jenkins-x.io
WARNING: No secrets found on "helm/repos" due: reading the secret "helm/repos" from vault: no secret "helm/repos" not found in vault
Read credentials for https://storage.googleapis.com/chartmuseum.jenkins-x.io from vault helm/repos
Successfully added Helm repository storage.googleapis.com.
Adding missing Helm repo: jenkins-x-chartmuseum http://jenkins-x-chartmuseum:8080
WARNING: No secrets found on "helm/repos" due: reading the secret "helm/repos" from vault: no secret "helm/repos" not found in vault
Read credentials for http://jenkins-x-chartmuseum:8080 from vault helm/repos
Successfully added Helm repository jenkins-x-chartmuseum.
WARNING: No $CHART_REPOSITORY defined so using the default value of: http://jenkins-x-chartmuseum:8080
Adding missing Helm repo: chartmuseum.jenkins-x.io http://chartmuseum.jenkins-x.io
WARNING: No secrets found on "helm/repos" due: reading the secret "helm/repos" from vault: no secret "helm/repos" not found in vault
Read credentials for http://chartmuseum.jenkins-x.io from vault helm/repos
Successfully added Helm repository chartmuseum.jenkins-x.io.
